-Xlint:warning
-1.8
-encoding
UTF-8
-source
1.8
-target
1.8
-classpath
/Users/gus/.m2/repository/com/bap/erp/commons/0.1/commons-0.1.jar:/Users/gus/.m2/repository/log4j/log4j/1.2.17/log4j-1.2.17.jar:/Users/gus/.m2/repository/com/fasterxml/jackson/core/jackson-databind/2.2.2/jackson-databind-2.2.2.jar:/Users/gus/.m2/repository/com/fasterxml/jackson/core/jackson-core/2.2.2/jackson-core-2.2.2.jar:/Users/gus/.m2/repository/com/fasterxml/jackson/core/jackson-annotations/2.2.2/jackson-annotations-2.2.2.jar:/Users/gus/.m2/repository/com/fasterxml/jackson/datatype/jackson-datatype-jsr310/2.4.0/jackson-datatype-jsr310-2.4.0.jar:/Users/gus/.m2/repository/com/fasterxml/jackson/datatype/jackson-datatype-joda/2.4.0/jackson-datatype-joda-2.4.0.jar:/Users/gus/.m2/repository/com/thoughtworks/paranamer/paranamer/2.5.2/paranamer-2.5.2.jar:/Users/gus/.m2/repository/org/scala-lang/scala-library/2.10.1/scala-library-2.10.1.jar:/Users/gus/.m2/repository/org/reflections/reflections/0.9.9-RC1/reflections-0.9.9-RC1.jar:/Users/gus/.m2/repository/javax/servlet/servlet-api/2.5/servlet-api-2.5.jar:/Users/gus/.m2/repository/org/scannotation/scannotation/1.0.3/scannotation-1.0.3.jar:/Users/gus/.m2/repository/com/wordnik/swagger-jersey2-jaxrs_2.10/1.3.5/swagger-jersey2-jaxrs_2.10-1.3.5.jar:/Users/gus/.m2/repository/org/glassfish/jersey/core/jersey-server/2.5/jersey-server-2.5.jar:/Users/gus/.m2/repository/org/glassfish/jersey/containers/jersey-container-servlet-core/2.5/jersey-container-servlet-core-2.5.jar:/Users/gus/.m2/repository/org/glassfish/jersey/media/jersey-media-json-jackson/2.5/jersey-media-json-jackson-2.5.jar:/Users/gus/.m2/repository/org/glassfish/jersey/containers/jersey-container-servlet/2.5/jersey-container-servlet-2.5.jar:/Users/gus/.m2/repository/org/glassfish/jersey/core/jersey-client/2.5/jersey-client-2.5.jar:/Users/gus/.m2/repository/org/glassfish/jersey/ext/jersey-spring3/2.5/jersey-spring3-2.5.jar:/Users/gus/.m2/repository/org/glassfish/jersey/media/jersey-media-multipart/2.5/jersey-media-multipart-2.5.jar:/Users/gus/.m2/repository/org/glassfish/jersey/ext/jersey-entity-filtering/2.5/jersey-entity-filtering-2.5.jar:/Users/gus/.m2/repository/org/springframework/spring-core/4.0.5.RELEASE/spring-core-4.0.5.RELEASE.jar:/Users/gus/.m2/repository/org/springframework/spring-context/4.0.5.RELEASE/spring-context-4.0.5.RELEASE.jar:/Users/gus/.m2/repository/org/springframework/spring-context-support/4.0.5.RELEASE/spring-context-support-4.0.5.RELEASE.jar:/Users/gus/.m2/repository/org/springframework/spring-tx/4.0.5.RELEASE/spring-tx-4.0.5.RELEASE.jar:/Users/gus/.m2/repository/org/springframework/spring-jdbc/4.0.5.RELEASE/spring-jdbc-4.0.5.RELEASE.jar:/Users/gus/.m2/repository/org/springframework/spring-orm/4.0.5.RELEASE/spring-orm-4.0.5.RELEASE.jar:/Users/gus/.m2/repository/org/springframework/spring-web/4.0.5.RELEASE/spring-web-4.0.5.RELEASE.jar:/Users/gus/.m2/repository/org/springframework/spring-aop/4.0.5.RELEASE/spring-aop-4.0.5.RELEASE.jar:/Users/gus/.m2/repository/org/springframework/spring-aspects/4.0.5.RELEASE/spring-aspects-4.0.5.RELEASE.jar:/Users/gus/.m2/repository/org/aspectj/aspectjrt/1.8.2/aspectjrt-1.8.2.jar:/Users/gus/.m2/repository/org/aspectj/aspectjweaver/1.8.2/aspectjweaver-1.8.2.jar:/Users/gus/.m2/repository/org/hibernate/hibernate-entitymanager/4.3.5.Final/hibernate-entitymanager-4.3.5.Final.jar:/Users/gus/.m2/repository/org/javassist/javassist/3.18.1-GA/javassist-3.18.1-GA.jar:/Users/gus/.m2/repository/com/microsoft/sqlserver/sqljdbc4/3.0/sqljdbc4-3.0.jar:/Users/gus/.m2/repository/org/hibernate/hibernate-validator/5.1.1.Final/hibernate-validator-5.1.1.Final.jar:/Users/gus/.m2/repository/net/sf/jasperreports/jasperreports/6.0.0/jasperreports-6.0.0.jar:/Users/gus/.m2/repository/org/codehaus/groovy/groovy-all/2.0.1/groovy-all-2.0.1.jar:/Users/gus/.m2/repository/net/glxn/qrgen/1.4/qrgen-1.4.jar:/Users/gus/.m2/repository/org/osbosoftware/factura/1.0/factura-1.0.jar:/Users/gus/.m2/repository/javax/mail/mail/1.4.7/mail-1.4.7.jar:/Users/gus/.m2/repository/org/apache/velocity/velocity/1.6.2/velocity-1.6.2.jar:/Users/gus/.m2/repository/org/jdom/jdom2/2.0.6/jdom2-2.0.6.jar:/Users/gus/.m2/repository/org/apache/poi/poi/3.11/poi-3.11.jar:/Users/gus/.m2/repository/org/apache/poi/poi-ooxml/3.11/poi-ooxml-3.11.jar:/Users/gus/.m2/repository/commons-collections/commons-collections/3.2.1/commons-collections-3.2.1.jar:/Users/gus/.m2/repository/commons-io/commons-io/2.4/commons-io-2.4.jar:/Users/gus/.m2/repository/org/apache/pdfbox/pdfbox/1.8.10/pdfbox-1.8.10.jar:/Users/gus/.m2/repository/com/sun/xml/security/xml-security-impl/1.0/xml-security-impl-1.0.jar:/Users/gus/.m2/repository/io/jsonwebtoken/jjwt/0.4/jjwt-0.4.jar:/Users/gus/.m2/repository/com/auth0/java-jwt/1.0.0/java-jwt-1.0.0.jar:/Users/gus/.m2/repository/org/slf4j/slf4j-log4j12/1.7.12/slf4j-log4j12-1.7.12.jar:/Users/gus/.m2/repository/org/slf4j/slf4j-api/1.7.12/slf4j-api-1.7.12.jar:/Users/gus/.m2/repository/joda-time/joda-time/2.2/joda-time-2.2.jar:/Users/gus/.m2/repository/com/google/guava/guava/11.0.2/guava-11.0.2.jar:/Users/gus/.m2/repository/com/google/code/findbugs/jsr305/1.3.9/jsr305-1.3.9.jar:/Users/gus/.m2/repository/dom4j/dom4j/1.6.1/dom4j-1.6.1.jar:/Users/gus/.m2/repository/javassist/javassist/3.12.1.GA/javassist-3.12.1.GA.jar:/Users/gus/.m2/repository/com/wordnik/swagger-jaxrs_2.10/1.3.5/swagger-jaxrs_2.10-1.3.5.jar:/Users/gus/.m2/repository/com/wordnik/swagger-core_2.10/1.3.5/swagger-core_2.10-1.3.5.jar:/Users/gus/.m2/repository/com/fasterxml/jackson/module/jackson-module-scala_2.10/2.1.5/jackson-module-scala_2.10-2.1.5.jar:/Users/gus/.m2/repository/org/scala-lang/scala-reflect/2.10.0/scala-reflect-2.10.0.jar:/Users/gus/.m2/repository/com/fasterxml/jackson/module/jackson-module-jsonSchema/2.1.0/jackson-module-jsonSchema-2.1.0.jar:/Users/gus/.m2/repository/com/fasterxml/jackson/jaxrs/jackson-jaxrs-json-provider/2.0.0/jackson-jaxrs-json-provider-2.0.0.jar:/Users/gus/.m2/repository/com/fasterxml/jackson/module/jackson-module-jaxb-annotations/2.0.0/jackson-module-jaxb-annotations-2.0.0.jar:/Users/gus/.m2/repository/com/wordnik/swagger-annotations/1.3.5/swagger-annotations-1.3.5.jar:/Users/gus/.m2/repository/org/json4s/json4s-ext_2.10/3.2.5/json4s-ext_2.10-3.2.5.jar:/Users/gus/.m2/repository/org/joda/joda-convert/1.2/joda-convert-1.2.jar:/Users/gus/.m2/repository/org/json4s/json4s-native_2.10/3.2.5/json4s-native_2.10-3.2.5.jar:/Users/gus/.m2/repository/org/json4s/json4s-core_2.10/3.2.5/json4s-core_2.10-3.2.5.jar:/Users/gus/.m2/repository/org/json4s/json4s-ast_2.10/3.2.5/json4s-ast_2.10-3.2.5.jar:/Users/gus/.m2/repository/org/scala-lang/scalap/2.10.0/scalap-2.10.0.jar:/Users/gus/.m2/repository/org/scala-lang/scala-compiler/2.10.0/scala-compiler-2.10.0.jar:/Users/gus/.m2/repository/org/json4s/json4s-jackson_2.10/3.2.5/json4s-jackson_2.10-3.2.5.jar:/Users/gus/.m2/repository/org/glassfish/jersey/core/jersey-common/2.5/jersey-common-2.5.jar:/Users/gus/.m2/repository/javax/annotation/javax.annotation-api/1.2/javax.annotation-api-1.2.jar:/Users/gus/.m2/repository/org/glassfish/hk2/osgi-resource-locator/1.0.1/osgi-resource-locator-1.0.1.jar:/Users/gus/.m2/repository/javax/ws/rs/javax.ws.rs-api/2.0/javax.ws.rs-api-2.0.jar:/Users/gus/.m2/repository/org/glassfish/hk2/hk2-api/2.2.0-b21/hk2-api-2.2.0-b21.jar:/Users/gus/.m2/repository/org/glassfish/hk2/hk2-utils/2.2.0-b21/hk2-utils-2.2.0-b21.jar:/Users/gus/.m2/repository/org/glassfish/hk2/external/javax.inject/2.2.0-b21/javax.inject-2.2.0-b21.jar:/Users/gus/.m2/repository/org/glassfish/hk2/hk2-locator/2.2.0-b21/hk2-locator-2.2.0-b21.jar:/Users/gus/.m2/repository/org/glassfish/hk2/external/asm-all-repackaged/2.2.0-b21/asm-all-repackaged-2.2.0-b21.jar:/Users/gus/.m2/repository/org/glassfish/hk2/external/cglib/2.2.0-b21/cglib-2.2.0-b21.jar:/Users/gus/.m2/repository/javax/validation/validation-api/1.1.0.Final/validation-api-1.1.0.Final.jar:/Users/gus/.m2/repository/org/codehaus/jackson/jackson-core-asl/1.9.13/jackson-core-asl-1.9.13.jar:/Users/gus/.m2/repository/org/codehaus/jackson/jackson-mapper-asl/1.9.13/jackson-mapper-asl-1.9.13.jar:/Users/gus/.m2/repository/org/codehaus/jackson/jackson-jaxrs/1.9.13/jackson-jaxrs-1.9.13.jar:/Users/gus/.m2/repository/org/codehaus/jackson/jackson-xc/1.9.13/jackson-xc-1.9.13.jar:/Users/gus/.m2/repository/org/glassfish/hk2/hk2/2.2.0-b21/hk2-2.2.0-b21.jar:/Users/gus/.m2/repository/org/glassfish/hk2/config-types/2.2.0-b21/config-types-2.2.0-b21.jar:/Users/gus/.m2/repository/org/glassfish/hk2/core/2.2.0-b21/core-2.2.0-b21.jar:/Users/gus/.m2/repository/org/glassfish/hk2/hk2-config/2.2.0-b21/hk2-config-2.2.0-b21.jar:/Users/gus/.m2/repository/org/jvnet/tiger-types/1.4/tiger-types-1.4.jar:/Users/gus/.m2/repository/org/glassfish/hk2/external/bean-validator/2.2.0-b21/bean-validator-2.2.0-b21.jar:/Users/gus/.m2/repository/org/glassfish/hk2/hk2-runlevel/2.2.0-b21/hk2-runlevel-2.2.0-b21.jar:/Users/gus/.m2/repository/org/glassfish/hk2/class-model/2.2.0-b21/class-model-2.2.0-b21.jar:/Users/gus/.m2/repository/junit/junit/4.3.1/junit-4.3.1.jar:/Users/gus/.m2/repository/org/glassfish/hk2/spring-bridge/2.2.0-b21/spring-bridge-2.2.0-b21.jar:/Users/gus/.m2/repository/org/jvnet/mimepull/mimepull/1.9.3/mimepull-1.9.3.jar:/Users/gus/.m2/repository/commons-logging/commons-logging/1.1.3/commons-logging-1.1.3.jar:/Users/gus/.m2/repository/org/springframework/spring-beans/4.0.5.RELEASE/spring-beans-4.0.5.RELEASE.jar:/Users/gus/.m2/repository/org/springframework/spring-expression/4.0.5.RELEASE/spring-expression-4.0.5.RELEASE.jar:/Users/gus/.m2/repository/aopalliance/aopalliance/1.0/aopalliance-1.0.jar:/Users/gus/.m2/repository/org/jboss/logging/jboss-logging/3.1.3.GA/jboss-logging-3.1.3.GA.jar:/Users/gus/.m2/repository/org/jboss/logging/jboss-logging-annotations/1.2.0.Beta1/jboss-logging-annotations-1.2.0.Beta1.jar:/Users/gus/.m2/repository/org/hibernate/hibernate-core/4.3.5.Final/hibernate-core-4.3.5.Final.jar:/Users/gus/.m2/repository/antlr/antlr/2.7.7/antlr-2.7.7.jar:/Users/gus/.m2/repository/org/jboss/jandex/1.1.0.Final/jandex-1.1.0.Final.jar:/Users/gus/.m2/repository/org/hibernate/common/hibernate-commons-annotations/4.0.4.Final/hibernate-commons-annotations-4.0.4.Final.jar:/Users/gus/.m2/repository/org/hibernate/javax/persistence/hibernate-jpa-2.1-api/1.0.0.Final/hibernate-jpa-2.1-api-1.0.0.Final.jar:/Users/gus/.m2/repository/org/jboss/spec/javax/transaction/jboss-transaction-api_1.2_spec/1.0.0.Final/jboss-transaction-api_1.2_spec-1.0.0.Final.jar:/Users/gus/.m2/repository/com/fasterxml/classmate/1.0.0/classmate-1.0.0.jar:/Users/gus/.m2/repository/commons-beanutils/commons-beanutils/1.9.0/commons-beanutils-1.9.0.jar:/Users/gus/.m2/repository/commons-digester/commons-digester/2.1/commons-digester-2.1.jar:/Users/gus/.m2/repository/com/itextpdf/itextpdf/5.5.0/itextpdf-5.5.0.jar:/Users/gus/.m2/repository/com/itextpdf/itext-pdfa/5.5.0/itext-pdfa-5.5.0.jar:/Users/gus/.m2/repository/jfree/jcommon/1.0.15/jcommon-1.0.15.jar:/Users/gus/.m2/repository/jfree/jfreechart/1.0.12/jfreechart-1.0.12.jar:/Users/gus/.m2/repository/xml-apis/xml-apis/1.3.02/xml-apis-1.3.02.jar:/Users/gus/.m2/repository/org/eclipse/jdt/core/compiler/ecj/4.3.1/ecj-4.3.1.jar:/Users/gus/.m2/repository/org/codehaus/castor/castor/1.2/castor-1.2.jar:/Users/gus/.m2/repository/org/apache/lucene/lucene-core/4.5.1/lucene-core-4.5.1.jar:/Users/gus/.m2/repository/org/apache/lucene/lucene-analyzers-common/4.5.1/lucene-analyzers-common-4.5.1.jar:/Users/gus/.m2/repository/org/apache/lucene/lucene-queryparser/4.5.1/lucene-queryparser-4.5.1.jar:/Users/gus/.m2/repository/org/apache/lucene/lucene-queries/4.5.1/lucene-queries-4.5.1.jar:/Users/gus/.m2/repository/org/apache/lucene/lucene-sandbox/4.5.1/lucene-sandbox-4.5.1.jar:/Users/gus/.m2/repository/jakarta-regexp/jakarta-regexp/1.4/jakarta-regexp-1.4.jar:/Users/gus/.m2/repository/org/olap4j/olap4j/0.9.7.309-JS-3/olap4j-0.9.7.309-JS-3.jar:/Users/gus/.m2/repository/com/google/zxing/javase/3.0.0/javase-3.0.0.jar:/Users/gus/.m2/repository/com/google/zxing/core/3.0.0/core-3.0.0.jar:/Users/gus/.m2/repository/javax/activation/activation/1.1/activation-1.1.jar:/Users/gus/.m2/repository/commons-lang/commons-lang/2.4/commons-lang-2.4.jar:/Users/gus/.m2/repository/oro/oro/2.0.8/oro-2.0.8.jar:/Users/gus/.m2/repository/commons-codec/commons-codec/1.9/commons-codec-1.9.jar:/Users/gus/.m2/repository/org/apache/poi/poi-ooxml-schemas/3.11/poi-ooxml-schemas-3.11.jar:/Users/gus/.m2/repository/org/apache/xmlbeans/xmlbeans/2.6.0/xmlbeans-2.6.0.jar:/Users/gus/.m2/repository/stax/stax-api/1.0.1/stax-api-1.0.1.jar:/Users/gus/.m2/repository/org/apache/pdfbox/fontbox/1.8.10/fontbox-1.8.10.jar:/Users/gus/.m2/repository/org/apache/pdfbox/jempbox/1.8.10/jempbox-1.8.10.jar:/Users/gus/Documents/GUS/BAP/ERP-1.1/ERP/ERP_WS/target/classes
-aspectpath
/Users/gus/.m2/repository/org/springframework/spring-aspects/4.0.5.RELEASE/spring-aspects-4.0.5.RELEASE.jar
-d
/Users/gus/Documents/GUS/BAP/ERP-1.1/ERP/ERP_WS/target/classes
/Users/gus/Documents/GUS/BAP/ERP-1.1/ERP/ERP_WS/src/main/java/com/bap/erp/aspects/AuthenticationAspect.java
/Users/gus/Documents/GUS/BAP/ERP-1.1/ERP/ERP_WS/src/main/java/com/bap/erp/aspects/UserSessionAspect.java
/Users/gus/Documents/GUS/BAP/ERP-1.1/ERP/ERP_WS/src/main/java/com/bap/erp/correo/EmailManagerService.java
/Users/gus/Documents/GUS/BAP/ERP-1.1/ERP/ERP_WS/src/main/java/com/bap/erp/correo/EmailManagerServiceCliente.java
/Users/gus/Documents/GUS/BAP/ERP-1.1/ERP/ERP_WS/src/main/java/com/bap/erp/correo/EmailManagerServiceImpl.java
/Users/gus/Documents/GUS/BAP/ERP-1.1/ERP/ERP_WS/src/main/java/com/bap/erp/dao/GenericJpaDao.java
/Users/gus/Documents/GUS/BAP/ERP-1.1/ERP/ERP_WS/src/main/java/com/bap/erp/data/ErpData.java
/Users/gus/Documents/GUS/BAP/ERP-1.1/ERP/ERP_WS/src/main/java/com/bap/erp/data/SendEmailTest.java
/Users/gus/Documents/GUS/BAP/ERP-1.1/ERP/ERP_WS/src/main/java/com/bap/erp/data/User.java
/Users/gus/Documents/GUS/BAP/ERP-1.1/ERP/ERP_WS/src/main/java/com/bap/erp/enums/EnumActividadEconomica.java
/Users/gus/Documents/GUS/BAP/ERP-1.1/ERP/ERP_WS/src/main/java/com/bap/erp/enums/EnumBanco.java
/Users/gus/Documents/GUS/BAP/ERP-1.1/ERP/ERP_WS/src/main/java/com/bap/erp/enums/EnumBonoAntiguedad.java
/Users/gus/Documents/GUS/BAP/ERP-1.1/ERP/ERP_WS/src/main/java/com/bap/erp/enums/EnumCaracteristicaEspecial.java
/Users/gus/Documents/GUS/BAP/ERP-1.1/ERP/ERP_WS/src/main/java/com/bap/erp/enums/EnumColorView.java
/Users/gus/Documents/GUS/BAP/ERP-1.1/ERP/ERP_WS/src/main/java/com/bap/erp/enums/EnumCondicionPension.java
/Users/gus/Documents/GUS/BAP/ERP-1.1/ERP/ERP_WS/src/main/java/com/bap/erp/enums/EnumDepartamento.java
/Users/gus/Documents/GUS/BAP/ERP-1.1/ERP/ERP_WS/src/main/java/com/bap/erp/enums/EnumEstado.java
/Users/gus/Documents/GUS/BAP/ERP-1.1/ERP/ERP_WS/src/main/java/com/bap/erp/enums/EnumEstadoEmpleado.java
/Users/gus/Documents/GUS/BAP/ERP-1.1/ERP/ERP_WS/src/main/java/com/bap/erp/enums/EnumEstadoFactura.java
/Users/gus/Documents/GUS/BAP/ERP-1.1/ERP/ERP_WS/src/main/java/com/bap/erp/enums/EnumEstadoLiquidacion.java
/Users/gus/Documents/GUS/BAP/ERP-1.1/ERP/ERP_WS/src/main/java/com/bap/erp/enums/EnumEstadoPago.java
/Users/gus/Documents/GUS/BAP/ERP-1.1/ERP/ERP_WS/src/main/java/com/bap/erp/enums/EnumEstadoPeriodoGestion.java
/Users/gus/Documents/GUS/BAP/ERP-1.1/ERP/ERP_WS/src/main/java/com/bap/erp/enums/EnumEstadoProceso.java
/Users/gus/Documents/GUS/BAP/ERP-1.1/ERP/ERP_WS/src/main/java/com/bap/erp/enums/EnumFormaDePago.java
/Users/gus/Documents/GUS/BAP/ERP-1.1/ERP/ERP_WS/src/main/java/com/bap/erp/enums/EnumLocalizacion.java
/Users/gus/Documents/GUS/BAP/ERP-1.1/ERP/ERP_WS/src/main/java/com/bap/erp/enums/EnumMes.java
/Users/gus/Documents/GUS/BAP/ERP-1.1/ERP/ERP_WS/src/main/java/com/bap/erp/enums/EnumModalidadFacturacion.java
/Users/gus/Documents/GUS/BAP/ERP-1.1/ERP/ERP_WS/src/main/java/com/bap/erp/enums/EnumModalidadTransaccion.java
/Users/gus/Documents/GUS/BAP/ERP-1.1/ERP/ERP_WS/src/main/java/com/bap/erp/enums/EnumModulo.java
/Users/gus/Documents/GUS/BAP/ERP-1.1/ERP/ERP_WS/src/main/java/com/bap/erp/enums/EnumMunicipio.java
/Users/gus/Documents/GUS/BAP/ERP-1.1/ERP/ERP_WS/src/main/java/com/bap/erp/enums/EnumPeriodo.java
/Users/gus/Documents/GUS/BAP/ERP-1.1/ERP/ERP_WS/src/main/java/com/bap/erp/enums/EnumPropietarioCuenta.java
/Users/gus/Documents/GUS/BAP/ERP-1.1/ERP/ERP_WS/src/main/java/com/bap/erp/enums/EnumRecurrencia.java
/Users/gus/Documents/GUS/BAP/ERP-1.1/ERP/ERP_WS/src/main/java/com/bap/erp/enums/EnumTipoAplicacionDescuentoCriterioDeIngreso.java
/Users/gus/Documents/GUS/BAP/ERP-1.1/ERP/ERP_WS/src/main/java/com/bap/erp/enums/EnumTipoContacto.java
/Users/gus/Documents/GUS/BAP/ERP-1.1/ERP/ERP_WS/src/main/java/com/bap/erp/enums/EnumTipoContratoEmpleado.java
/Users/gus/Documents/GUS/BAP/ERP-1.1/ERP/ERP_WS/src/main/java/com/bap/erp/enums/EnumTipoDocumento.java
/Users/gus/Documents/GUS/BAP/ERP-1.1/ERP/ERP_WS/src/main/java/com/bap/erp/enums/EnumTipoDocumentoMercantil.java
/Users/gus/Documents/GUS/BAP/ERP-1.1/ERP/ERP_WS/src/main/java/com/bap/erp/enums/EnumTipoDocumentoPago.java
/Users/gus/Documents/GUS/BAP/ERP-1.1/ERP/ERP_WS/src/main/java/com/bap/erp/enums/EnumTipoEntidad.java
/Users/gus/Documents/GUS/BAP/ERP-1.1/ERP/ERP_WS/src/main/java/com/bap/erp/enums/EnumTipoHito.java
/Users/gus/Documents/GUS/BAP/ERP-1.1/ERP/ERP_WS/src/main/java/com/bap/erp/enums/EnumTipoMoneda.java
/Users/gus/Documents/GUS/BAP/ERP-1.1/ERP/ERP_WS/src/main/java/com/bap/erp/enums/EnumTipoPago.java
/Users/gus/Documents/GUS/BAP/ERP-1.1/ERP/ERP_WS/src/main/java/com/bap/erp/enums/EnumTipoProveedorCliente.java
/Users/gus/Documents/GUS/BAP/ERP-1.1/ERP/ERP_WS/src/main/java/com/bap/erp/enums/EnumTipoRegistro.java
/Users/gus/Documents/GUS/BAP/ERP-1.1/ERP/ERP_WS/src/main/java/com/bap/erp/enums/EnumTipoRetencion.java
/Users/gus/Documents/GUS/BAP/ERP-1.1/ERP/ERP_WS/src/main/java/com/bap/erp/enums/EnumTipoTransaccion.java
/Users/gus/Documents/GUS/BAP/ERP-1.1/ERP/ERP_WS/src/main/java/com/bap/erp/enums/EnumTipoVariacion.java
/Users/gus/Documents/GUS/BAP/ERP-1.1/ERP/ERP_WS/src/main/java/com/bap/erp/enums/EnumVacacionesValores.java
/Users/gus/Documents/GUS/BAP/ERP-1.1/ERP/ERP_WS/src/main/java/com/bap/erp/exceptions/ReportCreationException.java
/Users/gus/Documents/GUS/BAP/ERP-1.1/ERP/ERP_WS/src/main/java/com/bap/erp/filters/TokenFilter.java
/Users/gus/Documents/GUS/BAP/ERP-1.1/ERP/ERP_WS/src/main/java/com/bap/erp/managers/GeneradorQR.java
/Users/gus/Documents/GUS/BAP/ERP-1.1/ERP/ERP_WS/src/main/java/com/bap/erp/managers/JasperReportsBrowserDemoServlet.java
/Users/gus/Documents/GUS/BAP/ERP-1.1/ERP/ERP_WS/src/main/java/com/bap/erp/managers/ReportManager.java
/Users/gus/Documents/GUS/BAP/ERP-1.1/ERP/ERP_WS/src/main/java/com/bap/erp/modelo/ban/CuentaBancaria.java
/Users/gus/Documents/GUS/BAP/ERP-1.1/ERP/ERP_WS/src/main/java/com/bap/erp/modelo/ban/DocumentoPago.java
/Users/gus/Documents/GUS/BAP/ERP-1.1/ERP/ERP_WS/src/main/java/com/bap/erp/modelo/cpc/CpcActividadEconomica.java
/Users/gus/Documents/GUS/BAP/ERP-1.1/ERP/ERP_WS/src/main/java/com/bap/erp/modelo/cpc/CpcBanco.java
/Users/gus/Documents/GUS/BAP/ERP-1.1/ERP/ERP_WS/src/main/java/com/bap/erp/modelo/cpc/CpcContrato.java
/Users/gus/Documents/GUS/BAP/ERP-1.1/ERP/ERP_WS/src/main/java/com/bap/erp/modelo/cpc/CpcContratoActividadEconomica.java
/Users/gus/Documents/GUS/BAP/ERP-1.1/ERP/ERP_WS/src/main/java/com/bap/erp/modelo/cpc/CpcContratoItem.java
/Users/gus/Documents/GUS/BAP/ERP-1.1/ERP/ERP_WS/src/main/java/com/bap/erp/modelo/cpc/CpcDetalleFacturaSerializer.java
/Users/gus/Documents/GUS/BAP/ERP-1.1/ERP/ERP_WS/src/main/java/com/bap/erp/modelo/cpc/CpcDosificacion.java
/Users/gus/Documents/GUS/BAP/ERP-1.1/ERP/ERP_WS/src/main/java/com/bap/erp/modelo/cpc/CpcItem.java
/Users/gus/Documents/GUS/BAP/ERP-1.1/ERP/ERP_WS/src/main/java/com/bap/erp/modelo/cpc/CpcPago.java
/Users/gus/Documents/GUS/BAP/ERP-1.1/ERP/ERP_WS/src/main/java/com/bap/erp/modelo/cpc/CpcPagoContrato.java
/Users/gus/Documents/GUS/BAP/ERP-1.1/ERP/ERP_WS/src/main/java/com/bap/erp/modelo/cpc/CpcSucursal.java
/Users/gus/Documents/GUS/BAP/ERP-1.1/ERP/ERP_WS/src/main/java/com/bap/erp/modelo/cpc/CpcTipoCambio.java
/Users/gus/Documents/GUS/BAP/ERP-1.1/ERP/ERP_WS/src/main/java/com/bap/erp/modelo/cpp/CppConcepto.java
/Users/gus/Documents/GUS/BAP/ERP-1.1/ERP/ERP_WS/src/main/java/com/bap/erp/modelo/cpp/CppContacto.java
/Users/gus/Documents/GUS/BAP/ERP-1.1/ERP/ERP_WS/src/main/java/com/bap/erp/modelo/cpp/CppEventoConcepto.java
/Users/gus/Documents/GUS/BAP/ERP-1.1/ERP/ERP_WS/src/main/java/com/bap/erp/modelo/cpp/CppFactura.java
/Users/gus/Documents/GUS/BAP/ERP-1.1/ERP/ERP_WS/src/main/java/com/bap/erp/modelo/cpp/CppFormaPagoCobro.java
/Users/gus/Documents/GUS/BAP/ERP-1.1/ERP/ERP_WS/src/main/java/com/bap/erp/modelo/cpp/CppGrupo.java
/Users/gus/Documents/GUS/BAP/ERP-1.1/ERP/ERP_WS/src/main/java/com/bap/erp/modelo/cpp/CppProveedorCliente.java
/Users/gus/Documents/GUS/BAP/ERP-1.1/ERP/ERP_WS/src/main/java/com/bap/erp/modelo/cpp/CppProveedorClienteConcepto.java
/Users/gus/Documents/GUS/BAP/ERP-1.1/ERP/ERP_WS/src/main/java/com/bap/erp/modelo/cpp/CppRetencion.java
/Users/gus/Documents/GUS/BAP/ERP-1.1/ERP/ERP_WS/src/main/java/com/bap/erp/modelo/ERP.java
/Users/gus/Documents/GUS/BAP/ERP-1.1/ERP/ERP_WS/src/main/java/com/bap/erp/modelo/ErpAplicante.java
/Users/gus/Documents/GUS/BAP/ERP-1.1/ERP/ERP_WS/src/main/java/com/bap/erp/modelo/ErpDepartamento.java
/Users/gus/Documents/GUS/BAP/ERP-1.1/ERP/ERP_WS/src/main/java/com/bap/erp/modelo/ErpDetalleFactura.java
/Users/gus/Documents/GUS/BAP/ERP-1.1/ERP/ERP_WS/src/main/java/com/bap/erp/modelo/ErpFactura.java
/Users/gus/Documents/GUS/BAP/ERP-1.1/ERP/ERP_WS/src/main/java/com/bap/erp/modelo/ErpNotaCreditoDebito.java
/Users/gus/Documents/GUS/BAP/ERP-1.1/ERP/ERP_WS/src/main/java/com/bap/erp/modelo/par/ParActividadEconomica.java
/Users/gus/Documents/GUS/BAP/ERP-1.1/ERP/ERP_WS/src/main/java/com/bap/erp/modelo/par/ParBanco.java
/Users/gus/Documents/GUS/BAP/ERP-1.1/ERP/ERP_WS/src/main/java/com/bap/erp/modelo/par/ParCaracteristicaEspecial.java
/Users/gus/Documents/GUS/BAP/ERP-1.1/ERP/ERP_WS/src/main/java/com/bap/erp/modelo/par/ParCliente.java
/Users/gus/Documents/GUS/BAP/ERP-1.1/ERP/ERP_WS/src/main/java/com/bap/erp/modelo/par/ParCondicionPension.java
/Users/gus/Documents/GUS/BAP/ERP-1.1/ERP/ERP_WS/src/main/java/com/bap/erp/modelo/par/ParDepartamento.java
/Users/gus/Documents/GUS/BAP/ERP-1.1/ERP/ERP_WS/src/main/java/com/bap/erp/modelo/par/ParEstado.java
/Users/gus/Documents/GUS/BAP/ERP-1.1/ERP/ERP_WS/src/main/java/com/bap/erp/modelo/par/ParEstadoCivil.java
/Users/gus/Documents/GUS/BAP/ERP-1.1/ERP/ERP_WS/src/main/java/com/bap/erp/modelo/par/ParEstadoFactura.java
/Users/gus/Documents/GUS/BAP/ERP-1.1/ERP/ERP_WS/src/main/java/com/bap/erp/modelo/par/ParEstadoLiquidacion.java
/Users/gus/Documents/GUS/BAP/ERP-1.1/ERP/ERP_WS/src/main/java/com/bap/erp/modelo/par/ParEstadoPago.java
/Users/gus/Documents/GUS/BAP/ERP-1.1/ERP/ERP_WS/src/main/java/com/bap/erp/modelo/par/ParEstadoPeriodoGestion.java
/Users/gus/Documents/GUS/BAP/ERP-1.1/ERP/ERP_WS/src/main/java/com/bap/erp/modelo/par/ParEstadoProceso.java
/Users/gus/Documents/GUS/BAP/ERP-1.1/ERP/ERP_WS/src/main/java/com/bap/erp/modelo/par/ParFormaDePago.java
/Users/gus/Documents/GUS/BAP/ERP-1.1/ERP/ERP_WS/src/main/java/com/bap/erp/modelo/par/ParGenero.java
/Users/gus/Documents/GUS/BAP/ERP-1.1/ERP/ERP_WS/src/main/java/com/bap/erp/modelo/par/ParLocalizacion.java
/Users/gus/Documents/GUS/BAP/ERP-1.1/ERP/ERP_WS/src/main/java/com/bap/erp/modelo/par/ParMes.java
/Users/gus/Documents/GUS/BAP/ERP-1.1/ERP/ERP_WS/src/main/java/com/bap/erp/modelo/par/ParModalidadFacturacion.java
/Users/gus/Documents/GUS/BAP/ERP-1.1/ERP/ERP_WS/src/main/java/com/bap/erp/modelo/par/ParModalidadTransaccion.java
/Users/gus/Documents/GUS/BAP/ERP-1.1/ERP/ERP_WS/src/main/java/com/bap/erp/modelo/par/ParMunicipio.java
/Users/gus/Documents/GUS/BAP/ERP-1.1/ERP/ERP_WS/src/main/java/com/bap/erp/modelo/par/ParPeriodo.java
/Users/gus/Documents/GUS/BAP/ERP-1.1/ERP/ERP_WS/src/main/java/com/bap/erp/modelo/par/ParPorcentajeAntiguedad.java
/Users/gus/Documents/GUS/BAP/ERP-1.1/ERP/ERP_WS/src/main/java/com/bap/erp/modelo/par/ParRecurrencia.java
/Users/gus/Documents/GUS/BAP/ERP-1.1/ERP/ERP_WS/src/main/java/com/bap/erp/modelo/par/ParSeccion.java
/Users/gus/Documents/GUS/BAP/ERP-1.1/ERP/ERP_WS/src/main/java/com/bap/erp/modelo/par/ParTipoAFP.java
/Users/gus/Documents/GUS/BAP/ERP-1.1/ERP/ERP_WS/src/main/java/com/bap/erp/modelo/par/ParTipoAlicuota.java
/Users/gus/Documents/GUS/BAP/ERP-1.1/ERP/ERP_WS/src/main/java/com/bap/erp/modelo/par/ParTipoAplicacionDescuentoCriterioDeIngreso.java
/Users/gus/Documents/GUS/BAP/ERP-1.1/ERP/ERP_WS/src/main/java/com/bap/erp/modelo/par/ParTipoAplicacionRetencion.java
/Users/gus/Documents/GUS/BAP/ERP-1.1/ERP/ERP_WS/src/main/java/com/bap/erp/modelo/par/ParTipoAplicante.java
/Users/gus/Documents/GUS/BAP/ERP-1.1/ERP/ERP_WS/src/main/java/com/bap/erp/modelo/par/ParTipoBonoAntiguedad.java
/Users/gus/Documents/GUS/BAP/ERP-1.1/ERP/ERP_WS/src/main/java/com/bap/erp/modelo/par/ParTipoCompra.java
/Users/gus/Documents/GUS/BAP/ERP-1.1/ERP/ERP_WS/src/main/java/com/bap/erp/modelo/par/ParTipoContacto.java
/Users/gus/Documents/GUS/BAP/ERP-1.1/ERP/ERP_WS/src/main/java/com/bap/erp/modelo/par/ParTipoContratoEmpleado.java
/Users/gus/Documents/GUS/BAP/ERP-1.1/ERP/ERP_WS/src/main/java/com/bap/erp/modelo/par/ParTipoDescuento.java
/Users/gus/Documents/GUS/BAP/ERP-1.1/ERP/ERP_WS/src/main/java/com/bap/erp/modelo/par/ParTipoDocumento.java
/Users/gus/Documents/GUS/BAP/ERP-1.1/ERP/ERP_WS/src/main/java/com/bap/erp/modelo/par/ParTipoDocumentoMercantil.java
/Users/gus/Documents/GUS/BAP/ERP-1.1/ERP/ERP_WS/src/main/java/com/bap/erp/modelo/par/ParTipoDocumentoPago.java
/Users/gus/Documents/GUS/BAP/ERP-1.1/ERP/ERP_WS/src/main/java/com/bap/erp/modelo/par/ParTipoEmpleado.java
/Users/gus/Documents/GUS/BAP/ERP-1.1/ERP/ERP_WS/src/main/java/com/bap/erp/modelo/par/ParTipoGrupo.java
/Users/gus/Documents/GUS/BAP/ERP-1.1/ERP/ERP_WS/src/main/java/com/bap/erp/modelo/par/ParTipoHito.java
/Users/gus/Documents/GUS/BAP/ERP-1.1/ERP/ERP_WS/src/main/java/com/bap/erp/modelo/par/ParTipoItem.java
/Users/gus/Documents/GUS/BAP/ERP-1.1/ERP/ERP_WS/src/main/java/com/bap/erp/modelo/par/ParTipoModulo.java
/Users/gus/Documents/GUS/BAP/ERP-1.1/ERP/ERP_WS/src/main/java/com/bap/erp/modelo/par/ParTipoMoneda.java
/Users/gus/Documents/GUS/BAP/ERP-1.1/ERP/ERP_WS/src/main/java/com/bap/erp/modelo/par/ParTipoPago.java
/Users/gus/Documents/GUS/BAP/ERP-1.1/ERP/ERP_WS/src/main/java/com/bap/erp/modelo/par/ParTipoProveedorCliente.java
/Users/gus/Documents/GUS/BAP/ERP-1.1/ERP/ERP_WS/src/main/java/com/bap/erp/modelo/par/ParTipoRegistro.java
/Users/gus/Documents/GUS/BAP/ERP-1.1/ERP/ERP_WS/src/main/java/com/bap/erp/modelo/par/ParTipoRetencion.java
/Users/gus/Documents/GUS/BAP/ERP-1.1/ERP/ERP_WS/src/main/java/com/bap/erp/modelo/par/ParTipoTransaccion.java
/Users/gus/Documents/GUS/BAP/ERP-1.1/ERP/ERP_WS/src/main/java/com/bap/erp/modelo/par/ParValor.java
/Users/gus/Documents/GUS/BAP/ERP-1.1/ERP/ERP_WS/src/main/java/com/bap/erp/modelo/pojo/CntCuentaPlanCuentasPojo.java
/Users/gus/Documents/GUS/BAP/ERP-1.1/ERP/ERP_WS/src/main/java/com/bap/erp/modelo/pojo/CntTipoCambioPojo.java
/Users/gus/Documents/GUS/BAP/ERP-1.1/ERP/ERP_WS/src/main/java/com/bap/erp/modelo/pojo/CodigoControlExcelPojo.java
/Users/gus/Documents/GUS/BAP/ERP-1.1/ERP/ERP_WS/src/main/java/com/bap/erp/modelo/pojo/CodigoControlPojo.java
/Users/gus/Documents/GUS/BAP/ERP-1.1/ERP/ERP_WS/src/main/java/com/bap/erp/modelo/pojo/ConcatenaActividadEconomicaPojo.java
/Users/gus/Documents/GUS/BAP/ERP-1.1/ERP/ERP_WS/src/main/java/com/bap/erp/modelo/pojo/CpcConciliacionContablePojo.java
/Users/gus/Documents/GUS/BAP/ERP-1.1/ERP/ERP_WS/src/main/java/com/bap/erp/modelo/pojo/CpcContratoPojo.java
/Users/gus/Documents/GUS/BAP/ERP-1.1/ERP/ERP_WS/src/main/java/com/bap/erp/modelo/pojo/CpcFacturaEmitidaCpcDetalleFacturaPojo.java
/Users/gus/Documents/GUS/BAP/ERP-1.1/ERP/ERP_WS/src/main/java/com/bap/erp/modelo/pojo/CpcFacturaEmitidaPojo.java
/Users/gus/Documents/GUS/BAP/ERP-1.1/ERP/ERP_WS/src/main/java/com/bap/erp/modelo/pojo/CpcLibroDeBancarizacionPorVentasPojo.java
/Users/gus/Documents/GUS/BAP/ERP-1.1/ERP/ERP_WS/src/main/java/com/bap/erp/modelo/pojo/CpcLibroDeComprasPojo.java
/Users/gus/Documents/GUS/BAP/ERP-1.1/ERP/ERP_WS/src/main/java/com/bap/erp/modelo/pojo/CpcLibroDeVentasHuaweiPojo.java
/Users/gus/Documents/GUS/BAP/ERP-1.1/ERP/ERP_WS/src/main/java/com/bap/erp/modelo/pojo/CpcLibroDeVentasPojo.java
/Users/gus/Documents/GUS/BAP/ERP-1.1/ERP/ERP_WS/src/main/java/com/bap/erp/modelo/pojo/CpcPagoContratoPojo.java
/Users/gus/Documents/GUS/BAP/ERP-1.1/ERP/ERP_WS/src/main/java/com/bap/erp/modelo/pojo/CpcPagoPojo.java
/Users/gus/Documents/GUS/BAP/ERP-1.1/ERP/ERP_WS/src/main/java/com/bap/erp/modelo/pojo/CppConceptoProveedoresPojo.java
/Users/gus/Documents/GUS/BAP/ERP-1.1/ERP/ERP_WS/src/main/java/com/bap/erp/modelo/pojo/CppFacturaCntComprobantePojo.java
/Users/gus/Documents/GUS/BAP/ERP-1.1/ERP/ERP_WS/src/main/java/com/bap/erp/modelo/pojo/CppFormaPagoCobroCuentasBancariasPojo.java
/Users/gus/Documents/GUS/BAP/ERP-1.1/ERP/ERP_WS/src/main/java/com/bap/erp/modelo/pojo/CppLibroDeComprasPojo.java
/Users/gus/Documents/GUS/BAP/ERP-1.1/ERP/ERP_WS/src/main/java/com/bap/erp/modelo/pojo/CppProveedorClienteBusquedaPojo.java
/Users/gus/Documents/GUS/BAP/ERP-1.1/ERP/ERP_WS/src/main/java/com/bap/erp/modelo/pojo/CppProveedorClienteConceptoPojo.java
/Users/gus/Documents/GUS/BAP/ERP-1.1/ERP/ERP_WS/src/main/java/com/bap/erp/modelo/pojo/CppProveedorClientePojo.java
/Users/gus/Documents/GUS/BAP/ERP-1.1/ERP/ERP_WS/src/main/java/com/bap/erp/modelo/pojo/CuentaBancariaPojo.java
/Users/gus/Documents/GUS/BAP/ERP-1.1/ERP/ERP_WS/src/main/java/com/bap/erp/modelo/pojo/DocumentoPagoFacturasPojo.java
/Users/gus/Documents/GUS/BAP/ERP-1.1/ERP/ERP_WS/src/main/java/com/bap/erp/modelo/pojo/Entidad.java
/Users/gus/Documents/GUS/BAP/ERP-1.1/ERP/ERP_WS/src/main/java/com/bap/erp/modelo/pojo/EntidadArbolPojo.java
/Users/gus/Documents/GUS/BAP/ERP-1.1/ERP/ERP_WS/src/main/java/com/bap/erp/modelo/pojo/EntidadPojo.java
/Users/gus/Documents/GUS/BAP/ERP-1.1/ERP/ERP_WS/src/main/java/com/bap/erp/modelo/pojo/ErpAplicantePojo.java
/Users/gus/Documents/GUS/BAP/ERP-1.1/ERP/ERP_WS/src/main/java/com/bap/erp/modelo/pojo/ErpDetFacturaNotaCredito.java
/Users/gus/Documents/GUS/BAP/ERP-1.1/ERP/ERP_WS/src/main/java/com/bap/erp/modelo/pojo/ErpFacturaRetencionPojo.java
/Users/gus/Documents/GUS/BAP/ERP-1.1/ERP/ERP_WS/src/main/java/com/bap/erp/modelo/pojo/ErpFacturasBancariasPojo.java
/Users/gus/Documents/GUS/BAP/ERP-1.1/ERP/ERP_WS/src/main/java/com/bap/erp/modelo/pojo/ErpFacturasDatosPojo.java
/Users/gus/Documents/GUS/BAP/ERP-1.1/ERP/ERP_WS/src/main/java/com/bap/erp/modelo/pojo/ErpNotaCreditoDebitoCpcDetalleFacturaPojo.java
/Users/gus/Documents/GUS/BAP/ERP-1.1/ERP/ERP_WS/src/main/java/com/bap/erp/modelo/pojo/ErpProveedorClientePojo.java
/Users/gus/Documents/GUS/BAP/ERP-1.1/ERP/ERP_WS/src/main/java/com/bap/erp/modelo/pojo/ProveedorGrupoConcepto.java
/Users/gus/Documents/GUS/BAP/ERP-1.1/ERP/ERP_WS/src/main/java/com/bap/erp/modelo/pojo/rh/RhCriterioDeIngresoPojo.java
/Users/gus/Documents/GUS/BAP/ERP-1.1/ERP/ERP_WS/src/main/java/com/bap/erp/modelo/pojo/rh/RhDescuentoPojo.java
/Users/gus/Documents/GUS/BAP/ERP-1.1/ERP/ERP_WS/src/main/java/com/bap/erp/modelo/pojo/rh/RhEmpleadoCriterioDeIngresoPojo.java
/Users/gus/Documents/GUS/BAP/ERP-1.1/ERP/ERP_WS/src/main/java/com/bap/erp/modelo/pojo/rh/RhEmpleadoDescuentoPojo.java
/Users/gus/Documents/GUS/BAP/ERP-1.1/ERP/ERP_WS/src/main/java/com/bap/erp/modelo/pojo/rh/RhGeneraGridPojo.java
/Users/gus/Documents/GUS/BAP/ERP-1.1/ERP/ERP_WS/src/main/java/com/bap/erp/modelo/pojo/rh/RhTransferenciasBancariasPojo.java
/Users/gus/Documents/GUS/BAP/ERP-1.1/ERP/ERP_WS/src/main/java/com/bap/erp/modelo/rh/RhCargo.java
/Users/gus/Documents/GUS/BAP/ERP-1.1/ERP/ERP_WS/src/main/java/com/bap/erp/modelo/rh/RhCriterioDeIngreso.java
/Users/gus/Documents/GUS/BAP/ERP-1.1/ERP/ERP_WS/src/main/java/com/bap/erp/modelo/rh/RhCriterioDeIngresoEmpleadoCargo.java
/Users/gus/Documents/GUS/BAP/ERP-1.1/ERP/ERP_WS/src/main/java/com/bap/erp/modelo/rh/RhDescuento.java
/Users/gus/Documents/GUS/BAP/ERP-1.1/ERP/ERP_WS/src/main/java/com/bap/erp/modelo/rh/RhDescuentoEmpleadoCargo.java
/Users/gus/Documents/GUS/BAP/ERP-1.1/ERP/ERP_WS/src/main/java/com/bap/erp/modelo/rh/RhEmpleado.java
/Users/gus/Documents/GUS/BAP/ERP-1.1/ERP/ERP_WS/src/main/java/com/bap/erp/modelo/rh/RhEmpleadoCargo.java
/Users/gus/Documents/GUS/BAP/ERP-1.1/ERP/ERP_WS/src/main/java/com/bap/erp/modelo/rh/RhLiquidacion.java
/Users/gus/Documents/GUS/BAP/ERP-1.1/ERP/ERP_WS/src/main/java/com/bap/erp/modelo/rh/RhParametros.java
/Users/gus/Documents/GUS/BAP/ERP-1.1/ERP/ERP_WS/src/main/java/com/bap/erp/modelo/rh/RhPeriodoGestion.java
/Users/gus/Documents/GUS/BAP/ERP-1.1/ERP/ERP_WS/src/main/java/com/bap/erp/modelo/rh/RhPlanillaAportesSeguridadSocial.java
/Users/gus/Documents/GUS/BAP/ERP-1.1/ERP/ERP_WS/src/main/java/com/bap/erp/modelo/rh/RhPlanillaImpositiva.java
/Users/gus/Documents/GUS/BAP/ERP-1.1/ERP/ERP_WS/src/main/java/com/bap/erp/modelo/rh/RhPlanillaSueldos.java
/Users/gus/Documents/GUS/BAP/ERP-1.1/ERP/ERP_WS/src/main/java/com/bap/erp/modelo/rh/RhPrimas.java
/Users/gus/Documents/GUS/BAP/ERP-1.1/ERP/ERP_WS/src/main/java/com/bap/erp/modelo/rh/RhRcIva.java
/Users/gus/Documents/GUS/BAP/ERP-1.1/ERP/ERP_WS/src/main/java/com/bap/erp/modelo/rh/RhSeccion.java
/Users/gus/Documents/GUS/BAP/ERP-1.1/ERP/ERP_WS/src/main/java/com/bap/erp/modelo/rh/RhVariacion.java
/Users/gus/Documents/GUS/BAP/ERP-1.1/ERP/ERP_WS/src/main/java/com/bap/erp/servicios/ban/CuentaBancariaService.java
/Users/gus/Documents/GUS/BAP/ERP-1.1/ERP/ERP_WS/src/main/java/com/bap/erp/servicios/ban/DocumentoPagoService.java
/Users/gus/Documents/GUS/BAP/ERP-1.1/ERP/ERP_WS/src/main/java/com/bap/erp/servicios/cnt/CntComprobanteService.java
/Users/gus/Documents/GUS/BAP/ERP-1.1/ERP/ERP_WS/src/main/java/com/bap/erp/servicios/cpc/CpcActividadEconomicaService.java
/Users/gus/Documents/GUS/BAP/ERP-1.1/ERP/ERP_WS/src/main/java/com/bap/erp/servicios/cpc/CpcBancoService.java
/Users/gus/Documents/GUS/BAP/ERP-1.1/ERP/ERP_WS/src/main/java/com/bap/erp/servicios/cpc/CpcContratoActividadEconomicaService.java
/Users/gus/Documents/GUS/BAP/ERP-1.1/ERP/ERP_WS/src/main/java/com/bap/erp/servicios/cpc/CpcContratoItemService.java
/Users/gus/Documents/GUS/BAP/ERP-1.1/ERP/ERP_WS/src/main/java/com/bap/erp/servicios/cpc/CpcContratoService.java
/Users/gus/Documents/GUS/BAP/ERP-1.1/ERP/ERP_WS/src/main/java/com/bap/erp/servicios/cpc/CpcDosificacionService.java
/Users/gus/Documents/GUS/BAP/ERP-1.1/ERP/ERP_WS/src/main/java/com/bap/erp/servicios/cpc/CpcItemService.java
/Users/gus/Documents/GUS/BAP/ERP-1.1/ERP/ERP_WS/src/main/java/com/bap/erp/servicios/cpc/CpcPagoContratoService.java
/Users/gus/Documents/GUS/BAP/ERP-1.1/ERP/ERP_WS/src/main/java/com/bap/erp/servicios/cpc/CpcPagoService.java
/Users/gus/Documents/GUS/BAP/ERP-1.1/ERP/ERP_WS/src/main/java/com/bap/erp/servicios/cpc/CpcSucursalService.java
/Users/gus/Documents/GUS/BAP/ERP-1.1/ERP/ERP_WS/src/main/java/com/bap/erp/servicios/cpc/CpcTipoCambioService.java
/Users/gus/Documents/GUS/BAP/ERP-1.1/ERP/ERP_WS/src/main/java/com/bap/erp/servicios/cpp/CppConceptoService.java
/Users/gus/Documents/GUS/BAP/ERP-1.1/ERP/ERP_WS/src/main/java/com/bap/erp/servicios/cpp/CppContactoService.java
/Users/gus/Documents/GUS/BAP/ERP-1.1/ERP/ERP_WS/src/main/java/com/bap/erp/servicios/cpp/CppEventoConceptoService.java
/Users/gus/Documents/GUS/BAP/ERP-1.1/ERP/ERP_WS/src/main/java/com/bap/erp/servicios/cpp/CppFacturaService.java
/Users/gus/Documents/GUS/BAP/ERP-1.1/ERP/ERP_WS/src/main/java/com/bap/erp/servicios/cpp/CppFormaPagoCobroService.java
/Users/gus/Documents/GUS/BAP/ERP-1.1/ERP/ERP_WS/src/main/java/com/bap/erp/servicios/cpp/CppGrupoService.java
/Users/gus/Documents/GUS/BAP/ERP-1.1/ERP/ERP_WS/src/main/java/com/bap/erp/servicios/cpp/CppNotaCreditoDebitoService.java
/Users/gus/Documents/GUS/BAP/ERP-1.1/ERP/ERP_WS/src/main/java/com/bap/erp/servicios/cpp/CppProveedorClienteConceptoService.java
/Users/gus/Documents/GUS/BAP/ERP-1.1/ERP/ERP_WS/src/main/java/com/bap/erp/servicios/cpp/CppProveedorClienteService.java
/Users/gus/Documents/GUS/BAP/ERP-1.1/ERP/ERP_WS/src/main/java/com/bap/erp/servicios/cpp/CppRetencionService.java
/Users/gus/Documents/GUS/BAP/ERP-1.1/ERP/ERP_WS/src/main/java/com/bap/erp/servicios/ErpAplicanteService.java
/Users/gus/Documents/GUS/BAP/ERP-1.1/ERP/ERP_WS/src/main/java/com/bap/erp/servicios/ErpDepartamentoService.java
/Users/gus/Documents/GUS/BAP/ERP-1.1/ERP/ERP_WS/src/main/java/com/bap/erp/servicios/ErpDetalleFacturaService.java
/Users/gus/Documents/GUS/BAP/ERP-1.1/ERP/ERP_WS/src/main/java/com/bap/erp/servicios/ErpFacturaService.java
/Users/gus/Documents/GUS/BAP/ERP-1.1/ERP/ERP_WS/src/main/java/com/bap/erp/servicios/ErpNotaCreditoDebitoService.java
/Users/gus/Documents/GUS/BAP/ERP-1.1/ERP/ERP_WS/src/main/java/com/bap/erp/servicios/impl/ban/CuentaBancariaServiceImpl.java
/Users/gus/Documents/GUS/BAP/ERP-1.1/ERP/ERP_WS/src/main/java/com/bap/erp/servicios/impl/ban/DocumentoPagoServiceImpl.java
/Users/gus/Documents/GUS/BAP/ERP-1.1/ERP/ERP_WS/src/main/java/com/bap/erp/servicios/impl/cnt/CntComprobanteServiceImpl.java
/Users/gus/Documents/GUS/BAP/ERP-1.1/ERP/ERP_WS/src/main/java/com/bap/erp/servicios/impl/cpc/CpcActividadEconomicaServiceImpl.java
/Users/gus/Documents/GUS/BAP/ERP-1.1/ERP/ERP_WS/src/main/java/com/bap/erp/servicios/impl/cpc/CpcBancoServiceImpl.java
/Users/gus/Documents/GUS/BAP/ERP-1.1/ERP/ERP_WS/src/main/java/com/bap/erp/servicios/impl/cpc/CpcContratoActividadEconomicaServiceImpl.java
/Users/gus/Documents/GUS/BAP/ERP-1.1/ERP/ERP_WS/src/main/java/com/bap/erp/servicios/impl/cpc/CpcContratoItemServiceImpl.java
/Users/gus/Documents/GUS/BAP/ERP-1.1/ERP/ERP_WS/src/main/java/com/bap/erp/servicios/impl/cpc/CpcContratoServiceImpl.java
/Users/gus/Documents/GUS/BAP/ERP-1.1/ERP/ERP_WS/src/main/java/com/bap/erp/servicios/impl/cpc/CpcDosificacionServiceImpl.java
/Users/gus/Documents/GUS/BAP/ERP-1.1/ERP/ERP_WS/src/main/java/com/bap/erp/servicios/impl/cpc/CpcItemServiceImpl.java
/Users/gus/Documents/GUS/BAP/ERP-1.1/ERP/ERP_WS/src/main/java/com/bap/erp/servicios/impl/cpc/CpcPagoContratoServiceImpl.java
/Users/gus/Documents/GUS/BAP/ERP-1.1/ERP/ERP_WS/src/main/java/com/bap/erp/servicios/impl/cpc/CpcPagoServiceImpl.java
/Users/gus/Documents/GUS/BAP/ERP-1.1/ERP/ERP_WS/src/main/java/com/bap/erp/servicios/impl/cpc/CpcSucursalServiceImpl.java
/Users/gus/Documents/GUS/BAP/ERP-1.1/ERP/ERP_WS/src/main/java/com/bap/erp/servicios/impl/cpc/CpcTipoCambioServiceImpl.java
/Users/gus/Documents/GUS/BAP/ERP-1.1/ERP/ERP_WS/src/main/java/com/bap/erp/servicios/impl/cpp/CppConceptoServiceImpl.java
/Users/gus/Documents/GUS/BAP/ERP-1.1/ERP/ERP_WS/src/main/java/com/bap/erp/servicios/impl/cpp/CppContactoServiceImpl.java
/Users/gus/Documents/GUS/BAP/ERP-1.1/ERP/ERP_WS/src/main/java/com/bap/erp/servicios/impl/cpp/CppEventoConceptoServiceImpl.java
/Users/gus/Documents/GUS/BAP/ERP-1.1/ERP/ERP_WS/src/main/java/com/bap/erp/servicios/impl/cpp/CppFacturaServiceImpl.java
/Users/gus/Documents/GUS/BAP/ERP-1.1/ERP/ERP_WS/src/main/java/com/bap/erp/servicios/impl/cpp/CppFormaPagoCobroServiceImpl.java
/Users/gus/Documents/GUS/BAP/ERP-1.1/ERP/ERP_WS/src/main/java/com/bap/erp/servicios/impl/cpp/CppGrupoServiceImpl.java
/Users/gus/Documents/GUS/BAP/ERP-1.1/ERP/ERP_WS/src/main/java/com/bap/erp/servicios/impl/cpp/CppNotaCreditoDebitoServiceImpl.java
/Users/gus/Documents/GUS/BAP/ERP-1.1/ERP/ERP_WS/src/main/java/com/bap/erp/servicios/impl/cpp/CppProveedorClienteConceptoServiceImpl.java
/Users/gus/Documents/GUS/BAP/ERP-1.1/ERP/ERP_WS/src/main/java/com/bap/erp/servicios/impl/cpp/CppProveedorClienteServiceImpl.java
/Users/gus/Documents/GUS/BAP/ERP-1.1/ERP/ERP_WS/src/main/java/com/bap/erp/servicios/impl/cpp/CppRetencionServiceImpl.java
/Users/gus/Documents/GUS/BAP/ERP-1.1/ERP/ERP_WS/src/main/java/com/bap/erp/servicios/impl/ErpAplicanteServiceImpl.java
/Users/gus/Documents/GUS/BAP/ERP-1.1/ERP/ERP_WS/src/main/java/com/bap/erp/servicios/impl/ErpDepartamentoServiceImpl.java
/Users/gus/Documents/GUS/BAP/ERP-1.1/ERP/ERP_WS/src/main/java/com/bap/erp/servicios/impl/ErpDetalleFacturaServiceImpl.java
/Users/gus/Documents/GUS/BAP/ERP-1.1/ERP/ERP_WS/src/main/java/com/bap/erp/servicios/impl/ErpFacturaServiceImpl.java
/Users/gus/Documents/GUS/BAP/ERP-1.1/ERP/ERP_WS/src/main/java/com/bap/erp/servicios/impl/ErpNotaCreditoDebitoServiceImpl.java
/Users/gus/Documents/GUS/BAP/ERP-1.1/ERP/ERP_WS/src/main/java/com/bap/erp/servicios/impl/par/ParValorServiceImpl.java
/Users/gus/Documents/GUS/BAP/ERP-1.1/ERP/ERP_WS/src/main/java/com/bap/erp/servicios/impl/rh/RhCargoServiceImpl.java
/Users/gus/Documents/GUS/BAP/ERP-1.1/ERP/ERP_WS/src/main/java/com/bap/erp/servicios/impl/rh/RhCriterioDeIngresoEmpleadoCargoServiceImpl.java
/Users/gus/Documents/GUS/BAP/ERP-1.1/ERP/ERP_WS/src/main/java/com/bap/erp/servicios/impl/rh/RhCriterioDeIngresoServiceImpl.java
/Users/gus/Documents/GUS/BAP/ERP-1.1/ERP/ERP_WS/src/main/java/com/bap/erp/servicios/impl/rh/RhDescuentoEmpleadoCargoServiceImpl.java
/Users/gus/Documents/GUS/BAP/ERP-1.1/ERP/ERP_WS/src/main/java/com/bap/erp/servicios/impl/rh/RhDescuentoServiceImpl.java
/Users/gus/Documents/GUS/BAP/ERP-1.1/ERP/ERP_WS/src/main/java/com/bap/erp/servicios/impl/rh/RhEmpleadoCargoServiceImpl.java
/Users/gus/Documents/GUS/BAP/ERP-1.1/ERP/ERP_WS/src/main/java/com/bap/erp/servicios/impl/rh/RhEmpleadoServiceImpl.java
/Users/gus/Documents/GUS/BAP/ERP-1.1/ERP/ERP_WS/src/main/java/com/bap/erp/servicios/impl/rh/RhLiquidacionServiceImpl.java
/Users/gus/Documents/GUS/BAP/ERP-1.1/ERP/ERP_WS/src/main/java/com/bap/erp/servicios/impl/rh/RhParametrosServiceImpl.java
/Users/gus/Documents/GUS/BAP/ERP-1.1/ERP/ERP_WS/src/main/java/com/bap/erp/servicios/impl/rh/RhPeriodoGestionServiceImpl.java
/Users/gus/Documents/GUS/BAP/ERP-1.1/ERP/ERP_WS/src/main/java/com/bap/erp/servicios/impl/rh/RhPlanillaAportesSeguridadSocialServiceImpl.java
/Users/gus/Documents/GUS/BAP/ERP-1.1/ERP/ERP_WS/src/main/java/com/bap/erp/servicios/impl/rh/RhPlanillaImpositivaServiceImpl.java
/Users/gus/Documents/GUS/BAP/ERP-1.1/ERP/ERP_WS/src/main/java/com/bap/erp/servicios/impl/rh/RhPlanillaSueldosServiceImpl.java
/Users/gus/Documents/GUS/BAP/ERP-1.1/ERP/ERP_WS/src/main/java/com/bap/erp/servicios/impl/rh/RhPrimasServiceImpl.java
/Users/gus/Documents/GUS/BAP/ERP-1.1/ERP/ERP_WS/src/main/java/com/bap/erp/servicios/impl/rh/RhRcIvaServiceImpl.java
/Users/gus/Documents/GUS/BAP/ERP-1.1/ERP/ERP_WS/src/main/java/com/bap/erp/servicios/impl/rh/RhSeccionServiceImpl.java
/Users/gus/Documents/GUS/BAP/ERP-1.1/ERP/ERP_WS/src/main/java/com/bap/erp/servicios/impl/rh/RhVariacionServiceImpl.java
/Users/gus/Documents/GUS/BAP/ERP-1.1/ERP/ERP_WS/src/main/java/com/bap/erp/servicios/par/ParValorService.java
/Users/gus/Documents/GUS/BAP/ERP-1.1/ERP/ERP_WS/src/main/java/com/bap/erp/servicios/rh/RhCargoService.java
/Users/gus/Documents/GUS/BAP/ERP-1.1/ERP/ERP_WS/src/main/java/com/bap/erp/servicios/rh/RhCriterioDeIngresoEmpleadoCargoService.java
/Users/gus/Documents/GUS/BAP/ERP-1.1/ERP/ERP_WS/src/main/java/com/bap/erp/servicios/rh/RhCriterioDeIngresoService.java
/Users/gus/Documents/GUS/BAP/ERP-1.1/ERP/ERP_WS/src/main/java/com/bap/erp/servicios/rh/RhDescuentoEmpleadoCargoService.java
/Users/gus/Documents/GUS/BAP/ERP-1.1/ERP/ERP_WS/src/main/java/com/bap/erp/servicios/rh/RhDescuentoService.java
/Users/gus/Documents/GUS/BAP/ERP-1.1/ERP/ERP_WS/src/main/java/com/bap/erp/servicios/rh/RhEmpleadoCargoService.java
/Users/gus/Documents/GUS/BAP/ERP-1.1/ERP/ERP_WS/src/main/java/com/bap/erp/servicios/rh/RhEmpleadoService.java
/Users/gus/Documents/GUS/BAP/ERP-1.1/ERP/ERP_WS/src/main/java/com/bap/erp/servicios/rh/RhLiquidacionService.java
/Users/gus/Documents/GUS/BAP/ERP-1.1/ERP/ERP_WS/src/main/java/com/bap/erp/servicios/rh/RhParametrosService.java
/Users/gus/Documents/GUS/BAP/ERP-1.1/ERP/ERP_WS/src/main/java/com/bap/erp/servicios/rh/RhPeriodoGestionService.java
/Users/gus/Documents/GUS/BAP/ERP-1.1/ERP/ERP_WS/src/main/java/com/bap/erp/servicios/rh/RhPlanillaAportesSeguridadSocialService.java
/Users/gus/Documents/GUS/BAP/ERP-1.1/ERP/ERP_WS/src/main/java/com/bap/erp/servicios/rh/RhPlanillaImpositivaService.java
/Users/gus/Documents/GUS/BAP/ERP-1.1/ERP/ERP_WS/src/main/java/com/bap/erp/servicios/rh/RhPlanillaSueldosService.java
/Users/gus/Documents/GUS/BAP/ERP-1.1/ERP/ERP_WS/src/main/java/com/bap/erp/servicios/rh/RhPrimasService.java
/Users/gus/Documents/GUS/BAP/ERP-1.1/ERP/ERP_WS/src/main/java/com/bap/erp/servicios/rh/RhRcIvaService.java
/Users/gus/Documents/GUS/BAP/ERP-1.1/ERP/ERP_WS/src/main/java/com/bap/erp/servicios/rh/RhSeccionService.java
/Users/gus/Documents/GUS/BAP/ERP-1.1/ERP/ERP_WS/src/main/java/com/bap/erp/servicios/rh/RhVariacionService.java
/Users/gus/Documents/GUS/BAP/ERP-1.1/ERP/ERP_WS/src/main/java/com/bap/erp/ws/clients/CPanelClient.java
/Users/gus/Documents/GUS/BAP/ERP-1.1/ERP/ERP_WS/src/main/java/com/bap/erp/ws/clients/ErpContabilidadClient.java
/Users/gus/Documents/GUS/BAP/ERP-1.1/ERP/ERP_WS/src/main/java/com/bap/erp/ws/CntCalculosTributariosWS.java
/Users/gus/Documents/GUS/BAP/ERP-1.1/ERP/ERP_WS/src/main/java/com/bap/erp/ws/CntComprobanteWS.java
/Users/gus/Documents/GUS/BAP/ERP-1.1/ERP/ERP_WS/src/main/java/com/bap/erp/ws/CntTipoCambioWS.java
/Users/gus/Documents/GUS/BAP/ERP-1.1/ERP/ERP_WS/src/main/java/com/bap/erp/ws/CpcActividadEconomicaWS.java
/Users/gus/Documents/GUS/BAP/ERP-1.1/ERP/ERP_WS/src/main/java/com/bap/erp/ws/CpcBancoWS.java
/Users/gus/Documents/GUS/BAP/ERP-1.1/ERP/ERP_WS/src/main/java/com/bap/erp/ws/CpcContratoItemWS.java
/Users/gus/Documents/GUS/BAP/ERP-1.1/ERP/ERP_WS/src/main/java/com/bap/erp/ws/CpcContratoWS.java
/Users/gus/Documents/GUS/BAP/ERP-1.1/ERP/ERP_WS/src/main/java/com/bap/erp/ws/CpcDosificacionWS.java
/Users/gus/Documents/GUS/BAP/ERP-1.1/ERP/ERP_WS/src/main/java/com/bap/erp/ws/CpcItemWS.java
/Users/gus/Documents/GUS/BAP/ERP-1.1/ERP/ERP_WS/src/main/java/com/bap/erp/ws/CpcPagoContratoWS.java
/Users/gus/Documents/GUS/BAP/ERP-1.1/ERP/ERP_WS/src/main/java/com/bap/erp/ws/CpcPagoWS.java
/Users/gus/Documents/GUS/BAP/ERP-1.1/ERP/ERP_WS/src/main/java/com/bap/erp/ws/CpcSucursalWS.java
/Users/gus/Documents/GUS/BAP/ERP-1.1/ERP/ERP_WS/src/main/java/com/bap/erp/ws/CpcTipoCambioWS.java
/Users/gus/Documents/GUS/BAP/ERP-1.1/ERP/ERP_WS/src/main/java/com/bap/erp/ws/CppConceptoWS.java
/Users/gus/Documents/GUS/BAP/ERP-1.1/ERP/ERP_WS/src/main/java/com/bap/erp/ws/CppContactoWS.java
/Users/gus/Documents/GUS/BAP/ERP-1.1/ERP/ERP_WS/src/main/java/com/bap/erp/ws/CppEventoConceptoWS.java
/Users/gus/Documents/GUS/BAP/ERP-1.1/ERP/ERP_WS/src/main/java/com/bap/erp/ws/CppFacturaWS.java
/Users/gus/Documents/GUS/BAP/ERP-1.1/ERP/ERP_WS/src/main/java/com/bap/erp/ws/CppFormaPagoCobroWS.java
/Users/gus/Documents/GUS/BAP/ERP-1.1/ERP/ERP_WS/src/main/java/com/bap/erp/ws/CppGrupoWS.java
/Users/gus/Documents/GUS/BAP/ERP-1.1/ERP/ERP_WS/src/main/java/com/bap/erp/ws/CppProveedorClienteConceptoWS.java
/Users/gus/Documents/GUS/BAP/ERP-1.1/ERP/ERP_WS/src/main/java/com/bap/erp/ws/CppProveedorClienteWS.java
/Users/gus/Documents/GUS/BAP/ERP-1.1/ERP/ERP_WS/src/main/java/com/bap/erp/ws/CppRetencionWS.java
/Users/gus/Documents/GUS/BAP/ERP-1.1/ERP/ERP_WS/src/main/java/com/bap/erp/ws/CuentaBancariaWS.java
/Users/gus/Documents/GUS/BAP/ERP-1.1/ERP/ERP_WS/src/main/java/com/bap/erp/ws/DocumentoPagoWS.java
/Users/gus/Documents/GUS/BAP/ERP-1.1/ERP/ERP_WS/src/main/java/com/bap/erp/ws/EnvioCorreoWS.java
/Users/gus/Documents/GUS/BAP/ERP-1.1/ERP/ERP_WS/src/main/java/com/bap/erp/ws/ErpAplicanteWS.java
/Users/gus/Documents/GUS/BAP/ERP-1.1/ERP/ERP_WS/src/main/java/com/bap/erp/ws/ErpDepartamentoWS.java
/Users/gus/Documents/GUS/BAP/ERP-1.1/ERP/ERP_WS/src/main/java/com/bap/erp/ws/ErpDetalleFacturaWS.java
/Users/gus/Documents/GUS/BAP/ERP-1.1/ERP/ERP_WS/src/main/java/com/bap/erp/ws/ErpFacturaWS.java
/Users/gus/Documents/GUS/BAP/ERP-1.1/ERP/ERP_WS/src/main/java/com/bap/erp/ws/ErpNotaCreditoDebitoWS.java
/Users/gus/Documents/GUS/BAP/ERP-1.1/ERP/ERP_WS/src/main/java/com/bap/erp/ws/ImportWS.java
/Users/gus/Documents/GUS/BAP/ERP-1.1/ERP/ERP_WS/src/main/java/com/bap/erp/ws/ParValorWS.java
/Users/gus/Documents/GUS/BAP/ERP-1.1/ERP/ERP_WS/src/main/java/com/bap/erp/ws/ReportesPDF.java
/Users/gus/Documents/GUS/BAP/ERP-1.1/ERP/ERP_WS/src/main/java/com/bap/erp/ws/rh/RhCargoWS.java
/Users/gus/Documents/GUS/BAP/ERP-1.1/ERP/ERP_WS/src/main/java/com/bap/erp/ws/rh/RhCriterioDeIngresoEmpleadoCargoWS.java
/Users/gus/Documents/GUS/BAP/ERP-1.1/ERP/ERP_WS/src/main/java/com/bap/erp/ws/rh/RhCriterioDeIngresoWS.java
/Users/gus/Documents/GUS/BAP/ERP-1.1/ERP/ERP_WS/src/main/java/com/bap/erp/ws/rh/RhDescuentoEmpleadoCargoWS.java
/Users/gus/Documents/GUS/BAP/ERP-1.1/ERP/ERP_WS/src/main/java/com/bap/erp/ws/rh/RhDescuentoWS.java
/Users/gus/Documents/GUS/BAP/ERP-1.1/ERP/ERP_WS/src/main/java/com/bap/erp/ws/rh/RhEmpleadoCargoWS.java
/Users/gus/Documents/GUS/BAP/ERP-1.1/ERP/ERP_WS/src/main/java/com/bap/erp/ws/rh/RhEmpleadoWS.java
/Users/gus/Documents/GUS/BAP/ERP-1.1/ERP/ERP_WS/src/main/java/com/bap/erp/ws/rh/RhImportWS.java
/Users/gus/Documents/GUS/BAP/ERP-1.1/ERP/ERP_WS/src/main/java/com/bap/erp/ws/rh/RhParametrosWS.java
/Users/gus/Documents/GUS/BAP/ERP-1.1/ERP/ERP_WS/src/main/java/com/bap/erp/ws/rh/RhPeriodoGestionWS.java
/Users/gus/Documents/GUS/BAP/ERP-1.1/ERP/ERP_WS/src/main/java/com/bap/erp/ws/rh/RhPlanillaImpositivaWS.java
/Users/gus/Documents/GUS/BAP/ERP-1.1/ERP/ERP_WS/src/main/java/com/bap/erp/ws/rh/RhPlanillaSueldosWS.java
/Users/gus/Documents/GUS/BAP/ERP-1.1/ERP/ERP_WS/src/main/java/com/bap/erp/ws/rh/RhPrimasWS.java
/Users/gus/Documents/GUS/BAP/ERP-1.1/ERP/ERP_WS/src/main/java/com/bap/erp/ws/rh/RhRcIvaWS.java
/Users/gus/Documents/GUS/BAP/ERP-1.1/ERP/ERP_WS/src/main/java/com/bap/erp/ws/rh/RhSeccionWS.java
/Users/gus/Documents/GUS/BAP/ERP-1.1/ERP/ERP_WS/src/main/java/com/bap/erp/ws/rh/RhVariacionWS.java
/Users/gus/Documents/GUS/BAP/ERP-1.1/ERP/ERP_WS/src/main/java/com/bap/erp/ws/rh/RhWS.java
/Users/gus/Documents/GUS/BAP/ERP-1.1/ERP/ERP_WS/src/main/java/com/server/client/GeneraXML.java
/Users/gus/Documents/GUS/BAP/ERP-1.1/ERP/ERP_WS/src/main/java/com/server/client/PruebaXML.java
/Users/gus/Documents/GUS/BAP/ERP-1.1/ERP/ERP_WS/src/main/java/com/server/client/RepositoryClient.java
